[2024-09-18T10:10:15.920+0000] {local_task_job_runner.py:123} INFO - ::group::Pre task execution logs
[2024-09-18T10:10:15.958+0000] {taskinstance.py:2612} INFO - Dependencies all met for dep_context=non-requeueable deps ti=<TaskInstance: sparking_flow.start manual__2024-09-18T10:10:08.964117+00:00 [queued]>
[2024-09-18T10:10:15.972+0000] {taskinstance.py:2612} INFO - Dependencies all met for dep_context=requeueable deps ti=<TaskInstance: sparking_flow.start manual__2024-09-18T10:10:08.964117+00:00 [queued]>
[2024-09-18T10:10:15.973+0000] {taskinstance.py:2865} INFO - Starting attempt 1 of 1
[2024-09-18T10:10:15.996+0000] {taskinstance.py:2888} INFO - Executing <Task(PythonOperator): start> on 2024-09-18 10:10:08.964117+00:00
[2024-09-18T10:10:16.010+0000] {warnings.py:112} WARNING - /home/***/.local/lib/python3.12/site-packages/***/task/task_runner/standard_task_runner.py:70: DeprecationWarning: This process (pid=85) is multi-threaded, use of fork() may lead to deadlocks in the child.
  pid = os.fork()

[2024-09-18T10:10:16.013+0000] {standard_task_runner.py:104} INFO - Running: ['***', 'tasks', 'run', 'sparking_flow', 'start', 'manual__2024-09-18T10:10:08.964117+00:00', '--job-id', '53', '--raw', '--subdir', 'DAGS_FOLDER/spark_***.py', '--cfg-path', '/tmp/tmp5ptzqe35']
[2024-09-18T10:10:16.016+0000] {standard_task_runner.py:72} INFO - Started process 86 to run task
[2024-09-18T10:10:16.016+0000] {standard_task_runner.py:105} INFO - Job 53: Subtask start
[2024-09-18T10:10:16.182+0000] {task_command.py:467} INFO - Running <TaskInstance: sparking_flow.start manual__2024-09-18T10:10:08.964117+00:00 [running]> on host a4293b99e869
[2024-09-18T10:10:16.340+0000] {taskinstance.py:3131} INFO - Exporting env vars: AIRFLOW_CTX_DAG_OWNER='Abhishek' AIRFLOW_CTX_DAG_ID='sparking_flow' AIRFLOW_CTX_TASK_ID='start' AIRFLOW_CTX_EXECUTION_DATE='2024-09-18T10:10:08.964117+00:00' AIRFLOW_CTX_TRY_NUMBER='1' AIRFLOW_CTX_DAG_RUN_ID='manual__2024-09-18T10:10:08.964117+00:00'
[2024-09-18T10:10:16.341+0000] {taskinstance.py:731} INFO - ::endgroup::
[2024-09-18T10:10:16.461+0000] {logging_mixin.py:190} INFO - Jobs started
[2024-09-18T10:10:16.462+0000] {python.py:240} INFO - Done. Returned value was: None
[2024-09-18T10:10:16.478+0000] {taskinstance.py:340} INFO - ::group::Post task execution logs
[2024-09-18T10:10:16.479+0000] {taskinstance.py:352} INFO - Marking task as SUCCESS. dag_id=sparking_flow, task_id=start, run_id=manual__2024-09-18T10:10:08.964117+00:00, execution_date=20240918T101008, start_date=20240918T101015, end_date=20240918T101016
[2024-09-18T10:10:16.523+0000] {local_task_job_runner.py:266} INFO - Task exited with return code 0
[2024-09-18T10:10:16.561+0000] {taskinstance.py:3900} INFO - 1 downstream tasks scheduled from follow-on schedule check
[2024-09-18T10:10:16.564+0000] {local_task_job_runner.py:245} INFO - ::endgroup::
