[2024-09-18T08:46:12.190+0000] {local_task_job_runner.py:123} INFO - ::group::Pre task execution logs
[2024-09-18T08:46:12.291+0000] {taskinstance.py:2612} INFO - Dependencies all met for dep_context=non-requeueable deps ti=<TaskInstance: sparking_flow.start manual__2024-09-18T08:29:59.138287+00:00 [queued]>
[2024-09-18T08:46:12.323+0000] {taskinstance.py:2612} INFO - Dependencies all met for dep_context=requeueable deps ti=<TaskInstance: sparking_flow.start manual__2024-09-18T08:29:59.138287+00:00 [queued]>
[2024-09-18T08:46:12.325+0000] {taskinstance.py:2865} INFO - Starting attempt 2 of 2
[2024-09-18T08:46:12.359+0000] {taskinstance.py:2888} INFO - Executing <Task(PythonOperator): start> on 2024-09-18 08:29:59.138287+00:00
[2024-09-18T08:46:12.371+0000] {warnings.py:112} WARNING - /home/***/.local/lib/python3.12/site-packages/***/task/task_runner/standard_task_runner.py:70: DeprecationWarning: This process (pid=707) is multi-threaded, use of fork() may lead to deadlocks in the child.
  pid = os.fork()

[2024-09-18T08:46:12.382+0000] {standard_task_runner.py:72} INFO - Started process 708 to run task
[2024-09-18T08:46:12.373+0000] {standard_task_runner.py:104} INFO - Running: ['***', 'tasks', 'run', 'sparking_flow', 'start', 'manual__2024-09-18T08:29:59.138287+00:00', '--job-id', '49', '--raw', '--subdir', 'DAGS_FOLDER/spark_***.py', '--cfg-path', '/tmp/tmp13enbuyg']
[2024-09-18T08:46:12.406+0000] {standard_task_runner.py:105} INFO - Job 49: Subtask start
[2024-09-18T08:46:12.496+0000] {task_command.py:467} INFO - Running <TaskInstance: sparking_flow.start manual__2024-09-18T08:29:59.138287+00:00 [running]> on host 99512a6f8ed6
[2024-09-18T08:46:12.688+0000] {taskinstance.py:3131} INFO - Exporting env vars: AIRFLOW_CTX_DAG_OWNER='Abhishek' AIRFLOW_CTX_DAG_ID='sparking_flow' AIRFLOW_CTX_TASK_ID='start' AIRFLOW_CTX_EXECUTION_DATE='2024-09-18T08:29:59.138287+00:00' AIRFLOW_CTX_TRY_NUMBER='2' AIRFLOW_CTX_DAG_RUN_ID='manual__2024-09-18T08:29:59.138287+00:00'
[2024-09-18T08:46:12.692+0000] {taskinstance.py:731} INFO - ::endgroup::
[2024-09-18T08:46:12.804+0000] {logging_mixin.py:190} INFO - Jobs started
[2024-09-18T08:46:12.805+0000] {python.py:240} INFO - Done. Returned value was: None
[2024-09-18T08:46:12.965+0000] {taskinstance.py:340} INFO - ::group::Post task execution logs
[2024-09-18T08:46:12.972+0000] {taskinstance.py:352} INFO - Marking task as SUCCESS. dag_id=sparking_flow, task_id=start, run_id=manual__2024-09-18T08:29:59.138287+00:00, execution_date=20240918T082959, start_date=20240918T084612, end_date=20240918T084612
[2024-09-18T08:46:13.059+0000] {local_task_job_runner.py:266} INFO - Task exited with return code 0
[2024-09-18T08:46:13.117+0000] {taskinstance.py:3900} INFO - 3 downstream tasks scheduled from follow-on schedule check
[2024-09-18T08:46:13.121+0000] {local_task_job_runner.py:245} INFO - ::endgroup::
